2026-02-03 17:28:12,490 [INFO] app: HTTP GET /instanceAll
2026-02-03 17:28:12,491 [INFO] app: Received request for /instanceAll
2026-02-03 17:28:12,491 [DEBUG] app.services.a2s_service: Starting query for server 94.101.179.89:27015 (tournofa-GunGame)
2026-02-03 17:28:12,494 [DEBUG] app.services.a2s_service: Starting query for server 94.101.179.89:27025 (tournofa-FightYard)
2026-02-03 17:28:12,494 [DEBUG] app.services.a2s_service: Starting query for server 94.101.179.89:27035 (tournofa-AWP)
2026-02-03 17:28:12,495 [DEBUG] app.services.a2s_service: Starting query for server 94.101.179.89:27045 (tournofa-DeathMatch)
2026-02-03 17:28:12,495 [DEBUG] app.services.a2s_service: Starting query for server 94.101.179.89:27055 (tournofa-GunGame-2)
2026-02-03 17:28:15,501 [WARNING] app.services.a2s_service: Timeout querying server 94.101.179.89:27035
2026-02-03 17:28:15,501 [WARNING] app.services.a2s_service: Timeout querying server 94.101.179.89:27025
2026-02-03 17:28:15,501 [WARNING] app.services.a2s_service: Timeout querying server 94.101.179.89:27015
2026-02-03 17:28:15,501 [WARNING] app.services.a2s_service: Timeout querying server 94.101.179.89:27055
2026-02-03 17:28:15,502 [WARNING] app.services.a2s_service: Timeout querying server 94.101.179.89:27045
2026-02-03 17:28:15,502 [DEBUG] app.services.a2s_service: Query all servers summary: {'server_count': 5, 'total_players': 0}
2026-02-03 17:28:15,502 [INFO] app: Completed GET /instanceAll in 3.012s -> 200
2026-02-03 17:28:15,502 [INFO] uvicorn.access: 127.0.0.1:58494 - "GET /instanceAll HTTP/1.1" 200
2026-02-03 17:29:19,339 [INFO] app: HTTP GET /instanceAll
2026-02-03 17:29:19,340 [INFO] app: Received request for /instanceAll
2026-02-03 17:29:19,340 [DEBUG] app.services.a2s_service: Starting query for server 172.18.160.1:27015 (tournofa-GunGame)
2026-02-03 17:29:19,343 [DEBUG] app.services.a2s_service: Starting query for server 172.18.160.1:27025 (tournofa-FightYard)
2026-02-03 17:29:19,344 [DEBUG] app.services.a2s_service: Starting query for server 172.18.160.1:27035 (tournofa-AWP)
2026-02-03 17:29:19,344 [DEBUG] app.services.a2s_service: Starting query for server 172.18.160.1:27045 (tournofa-DeathMatch)
2026-02-03 17:29:19,345 [DEBUG] app.services.a2s_service: Starting query for server 172.18.160.1:27055 (tournofa-GunGame-2)
2026-02-03 17:29:22,352 [WARNING] app.services.a2s_service: Timeout querying server 172.18.160.1:27025
2026-02-03 17:29:22,352 [WARNING] app.services.a2s_service: Timeout querying server 172.18.160.1:27055
2026-02-03 17:29:22,352 [WARNING] app.services.a2s_service: Timeout querying server 172.18.160.1:27045
2026-02-03 17:29:22,353 [WARNING] app.services.a2s_service: Timeout querying server 172.18.160.1:27015
2026-02-03 17:29:22,353 [WARNING] app.services.a2s_service: Timeout querying server 172.18.160.1:27035
2026-02-03 17:29:22,353 [DEBUG] app.services.a2s_service: Query all servers summary: {'server_count': 5, 'total_players': 0}
2026-02-03 17:29:22,354 [INFO] app: Completed GET /instanceAll in 3.015s -> 200
2026-02-03 17:29:22,354 [INFO] uvicorn.access: 127.0.0.1:54946 - "GET /instanceAll HTTP/1.1" 200
2026-02-03 17:37:26,698 [ERROR] uvicorn.error: Traceback (most recent call last):
  File "C:\Python314\Lib\asyncio\runners.py", line 127, in run
    return self._loop.run_until_complete(task)
           ~~~~~~~~~~~~~~~~~~~~~~~~~~~~~^^^^^^
  File "C:\Python314\Lib\asyncio\base_events.py", line 719, in run_until_complete
    return future.result()
           ~~~~~~~~~~~~~^^
asyncio.exceptions.CancelledError

During handling of the above exception, another exception occurred:

Traceback (most recent call last):
  File "C:\Python314\Lib\asyncio\runners.py", line 204, in run
    return runner.run(main)
           ~~~~~~~~~~^^^^^^
  File "C:\Python314\Lib\asyncio\runners.py", line 132, in run
    raise KeyboardInterrupt()
KeyboardInterrupt

During handling of the above exception, another exception occurred:

Traceback (most recent call last):
  File "C:\Users\hesam\Desktop\cs_server_api\.venv\Lib\site-packages\starlette\routing.py", line 701, in lifespan
    await receive()
  File "C:\Users\hesam\Desktop\cs_server_api\.venv\Lib\site-packages\uvicorn\lifespan\on.py", line 137, in receive
    return await self.receive_queue.get()
           ^^^^^^^^^^^^^^^^^^^^^^^^^^^^^^
  File "C:\Python314\Lib\asyncio\queues.py", line 186, in get
    await getter
asyncio.exceptions.CancelledError

2026-02-03 17:37:44,566 [INFO] app: HTTP GET /instanceAll
2026-02-03 17:37:44,566 [INFO] app: Received request for /instanceAll
2026-02-03 17:37:44,567 [DEBUG] app.services.a2s_service: Starting query for server 94.101.179.89:27015 (tournofa-GunGame)
2026-02-03 17:37:44,570 [DEBUG] app.services.a2s_service: Starting query for server 94.101.179.89:27025 (tournofa-FightYard)
2026-02-03 17:37:44,570 [DEBUG] app.services.a2s_service: Starting query for server 94.101.179.89:27035 (tournofa-AWP)
2026-02-03 17:37:44,571 [DEBUG] app.services.a2s_service: Starting query for server 94.101.179.89:27045 (tournofa-DeathMatch)
2026-02-03 17:37:44,571 [DEBUG] app.services.a2s_service: Starting query for server 94.101.179.89:27055 (tournofa-GunGame-2)
2026-02-03 17:37:44,579 [INFO] app.services.a2s_service: A2S info for 94.101.179.89:27015 -> name=tournofa - deathmatch map=de_dust2 players=1/32
2026-02-03 17:37:47,575 [WARNING] app.services.a2s_service: Timeout querying server 94.101.179.89:27055
2026-02-03 17:37:47,576 [WARNING] app.services.a2s_service: Timeout querying server 94.101.179.89:27025
2026-02-03 17:37:47,577 [WARNING] app.services.a2s_service: Timeout querying server 94.101.179.89:27035
2026-02-03 17:37:47,577 [WARNING] app.services.a2s_service: Timeout querying server 94.101.179.89:27045
2026-02-03 17:37:47,577 [DEBUG] app.services.a2s_service: Query all servers summary: {'server_count': 5, 'total_players': 1}
2026-02-03 17:37:47,578 [INFO] app: Completed GET /instanceAll in 3.012s -> 200
2026-02-03 17:37:47,578 [INFO] uvicorn.access: 127.0.0.1:64057 - "GET /instanceAll HTTP/1.1" 200
2026-02-03 17:38:56,012 [INFO] app: HTTP GET /instanceAll
2026-02-03 17:38:56,013 [INFO] app: Received request for /instanceAll
2026-02-03 17:38:56,013 [DEBUG] app.services.a2s_service: Starting query for server 94.101.179.89:27015 (tournofa-GunGame)
2026-02-03 17:38:56,013 [DEBUG] app.services.a2s_service: Starting query for server 94.101.179.89:27025 (tournofa-FightYard)
2026-02-03 17:38:56,013 [DEBUG] app.services.a2s_service: Starting query for server 94.101.179.89:27035 (tournofa-AWP)
2026-02-03 17:38:56,014 [DEBUG] app.services.a2s_service: Starting query for server 94.101.179.89:27045 (tournofa-DeathMatch)
2026-02-03 17:38:56,014 [DEBUG] app.services.a2s_service: Starting query for server 94.101.179.89:27055 (tournofa-GunGame-2)
2026-02-03 17:38:56,021 [INFO] app.services.a2s_service: A2S info for 94.101.179.89:27015 -> name=tournofa - deathmatch map=de_dust2 players=1/32
2026-02-03 17:38:59,022 [WARNING] app.services.a2s_service: Timeout querying server 94.101.179.89:27025
2026-02-03 17:38:59,022 [WARNING] app.services.a2s_service: Timeout querying server 94.101.179.89:27045
2026-02-03 17:38:59,023 [WARNING] app.services.a2s_service: Timeout querying server 94.101.179.89:27035
2026-02-03 17:38:59,023 [WARNING] app.services.a2s_service: Timeout querying server 94.101.179.89:27055
2026-02-03 17:38:59,024 [DEBUG] app.services.a2s_service: Query all servers summary: {'server_count': 5, 'total_players': 1}
2026-02-03 17:38:59,024 [INFO] app: Completed GET /instanceAll in 3.012s -> 200
2026-02-03 17:38:59,025 [INFO] uvicorn.access: 127.0.0.1:51384 - "GET /instanceAll HTTP/1.1" 200
2026-02-08 08:45:49,508 [INFO] app: HTTP GET /instanceAll
2026-02-08 08:45:49,524 [INFO] app: Received request for /instanceAll
2026-02-08 08:45:49,526 [DEBUG] app.services.a2s_service: Starting query for server host.docker.internal:27015 (tournofa-GunGame)
2026-02-08 08:45:49,527 [DEBUG] app.services.a2s_service: Starting query for server host.docker.internal:27025 (tournofa-FightYard)
2026-02-08 08:45:49,529 [DEBUG] app.services.a2s_service: Starting query for server host.docker.internal:27035 (tournofa-AWP)
2026-02-08 08:45:49,530 [DEBUG] app.services.a2s_service: Starting query for server host.docker.internal:27045 (tournofa-DeathMatch)
2026-02-08 08:45:49,531 [DEBUG] app.services.a2s_service: Starting query for server host.docker.internal:27055 (tournofa-GunGame-2)
2026-02-08 08:45:52,543 [WARNING] app.services.a2s_service: Timeout querying server host.docker.internal:27015
2026-02-08 08:45:52,548 [WARNING] app.services.a2s_service: Timeout querying server host.docker.internal:27025
2026-02-08 08:45:52,551 [WARNING] app.services.a2s_service: Timeout querying server host.docker.internal:27045
2026-02-08 08:45:52,553 [WARNING] app.services.a2s_service: Timeout querying server host.docker.internal:27035
2026-02-08 08:45:52,554 [WARNING] app.services.a2s_service: Timeout querying server host.docker.internal:27055
2026-02-08 08:45:52,555 [DEBUG] app.services.a2s_service: Query all servers summary: {'server_count': 5, 'total_players': 0}
2026-02-08 08:45:52,560 [INFO] app: Completed GET /instanceAll in 3.052s -> 200
2026-02-08 08:45:52,564 [INFO] uvicorn.access: 172.18.0.1:57428 - "GET /instanceAll HTTP/1.1" 200
2026-02-08 08:45:52,609 [INFO] app: HTTP GET /favicon.ico
2026-02-08 08:45:52,611 [INFO] app: Completed GET /favicon.ico in 0.002s -> 404
2026-02-08 08:45:52,612 [INFO] uvicorn.access: 172.18.0.1:57428 - "GET /favicon.ico HTTP/1.1" 404
2026-02-08 09:25:42,895 [INFO] app: HTTP GET /instanceAll
2026-02-08 09:25:42,898 [INFO] app: Received /instanceAll
2026-02-08 09:25:42,902 [INFO] uvicorn.access: 172.18.0.1:42572 - "GET /instanceAll HTTP/1.1" 500
2026-02-08 09:25:42,904 [ERROR] uvicorn.error: Exception in ASGI application
Traceback (most recent call last):
  File "/usr/local/lib/python3.11/site-packages/uvicorn/protocols/http/httptools_impl.py", line 416, in run_asgi
    result = await app(  # type: ignore[func-returns-value]
             ^^^^^^^^^^^^^^^^^^^^^^^^^^^^^^^^^^^^^^^^^^^^^^
  File "/usr/local/lib/python3.11/site-packages/uvicorn/middleware/proxy_headers.py", line 60, in __call__
    return await self.app(scope, receive, send)
           ^^^^^^^^^^^^^^^^^^^^^^^^^^^^^^^^^^^^
  File "/usr/local/lib/python3.11/site-packages/fastapi/applications.py", line 1135, in __call__
    await super().__call__(scope, receive, send)
  File "/usr/local/lib/python3.11/site-packages/starlette/applications.py", line 107, in __call__
    await self.middleware_stack(scope, receive, send)
  File "/usr/local/lib/python3.11/site-packages/starlette/middleware/errors.py", line 186, in __call__
    raise exc
  File "/usr/local/lib/python3.11/site-packages/starlette/middleware/errors.py", line 164, in __call__
    await self.app(scope, receive, _send)
  File "/usr/local/lib/python3.11/site-packages/starlette/middleware/base.py", line 191, in __call__
    with recv_stream, send_stream, collapse_excgroups():
  File "/usr/local/lib/python3.11/contextlib.py", line 158, in __exit__
    self.gen.throw(typ, value, traceback)
  File "/usr/local/lib/python3.11/site-packages/starlette/_utils.py", line 85, in collapse_excgroups
    raise exc
  File "/usr/local/lib/python3.11/site-packages/starlette/middleware/base.py", line 193, in __call__
    response = await self.dispatch_func(request, call_next)
               ^^^^^^^^^^^^^^^^^^^^^^^^^^^^^^^^^^^^^^^^^^^^
  File "/app/app/main.py", line 17, in log_requests
    response = await call_next(request)
               ^^^^^^^^^^^^^^^^^^^^^^^^
  File "/usr/local/lib/python3.11/site-packages/starlette/middleware/base.py", line 168, in call_next
    raise app_exc from app_exc.__cause__ or app_exc.__context__
  File "/usr/local/lib/python3.11/site-packages/starlette/middleware/base.py", line 144, in coro
    await self.app(scope, receive_or_disconnect, send_no_error)
  File "/usr/local/lib/python3.11/site-packages/starlette/middleware/exceptions.py", line 63, in __call__
    await wrap_app_handling_exceptions(self.app, conn)(scope, receive, send)
  File "/usr/local/lib/python3.11/site-packages/starlette/_exception_handler.py", line 53, in wrapped_app
    raise exc
  File "/usr/local/lib/python3.11/site-packages/starlette/_exception_handler.py", line 42, in wrapped_app
    await app(scope, receive, sender)
  File "/usr/local/lib/python3.11/site-packages/fastapi/middleware/asyncexitstack.py", line 18, in __call__
    await self.app(scope, receive, send)
  File "/usr/local/lib/python3.11/site-packages/starlette/routing.py", line 716, in __call__
    await self.middleware_stack(scope, receive, send)
  File "/usr/local/lib/python3.11/site-packages/starlette/routing.py", line 736, in app
    await route.handle(scope, receive, send)
  File "/usr/local/lib/python3.11/site-packages/starlette/routing.py", line 290, in handle
    await self.app(scope, receive, send)
  File "/usr/local/lib/python3.11/site-packages/fastapi/routing.py", line 115, in app
    await wrap_app_handling_exceptions(app, request)(scope, receive, send)
  File "/usr/local/lib/python3.11/site-packages/starlette/_exception_handler.py", line 53, in wrapped_app
    raise exc
  File "/usr/local/lib/python3.11/site-packages/starlette/_exception_handler.py", line 42, in wrapped_app
    await app(scope, receive, sender)
  File "/usr/local/lib/python3.11/site-packages/fastapi/routing.py", line 101, in app
    response = await f(request)
               ^^^^^^^^^^^^^^^^
  File "/usr/local/lib/python3.11/site-packages/fastapi/routing.py", line 355, in app
    raw_response = await run_endpoint_function(
                   ^^^^^^^^^^^^^^^^^^^^^^^^^^^^
  File "/usr/local/lib/python3.11/site-packages/fastapi/routing.py", line 243, in run_endpoint_function
    return await dependant.call(**values)
           ^^^^^^^^^^^^^^^^^^^^^^^^^^^^^^
  File "/app/app/api/server_routes.py", line 18, in instance_all
    summary = await query_all()
              ^^^^^^^^^^^^^^^^^
  File "/app/app/services/a2s_service.py", line 62, in query_all
    servers = load_servers()
              ^^^^^^^^^^^^^^
  File "/app/app/config.py", line 15, in load_servers
    data = json.loads(p.read_text(encoding="utf-8"))
                      ^^^^^^^^^^^^^^^^^^^^^^^^^^^^^
  File "/usr/local/lib/python3.11/pathlib.py", line 1058, in read_text
    with self.open(mode='r', encoding=encoding, errors=errors) as f:
         ^^^^^^^^^^^^^^^^^^^^^^^^^^^^^^^^^^^^^^^^^^^^^^^^^^^^^
  File "/usr/local/lib/python3.11/pathlib.py", line 1044, in open
    return io.open(self, mode, buffering, encoding, errors, newline)
           ^^^^^^^^^^^^^^^^^^^^^^^^^^^^^^^^^^^^^^^^^^^^^^^^^^^^^^^^^
IsADirectoryError: [Errno 21] Is a directory: '/app/servers.json'
2026-02-08 09:25:45,766 [INFO] app: HTTP GET /instanceAll
2026-02-08 09:25:45,768 [INFO] app: Received /instanceAll
2026-02-08 09:25:45,770 [INFO] uvicorn.access: 172.18.0.1:42588 - "GET /instanceAll HTTP/1.1" 500
2026-02-08 09:25:45,772 [ERROR] uvicorn.error: Exception in ASGI application
Traceback (most recent call last):
  File "/usr/local/lib/python3.11/site-packages/uvicorn/protocols/http/httptools_impl.py", line 416, in run_asgi
    result = await app(  # type: ignore[func-returns-value]
             ^^^^^^^^^^^^^^^^^^^^^^^^^^^^^^^^^^^^^^^^^^^^^^
  File "/usr/local/lib/python3.11/site-packages/uvicorn/middleware/proxy_headers.py", line 60, in __call__
    return await self.app(scope, receive, send)
           ^^^^^^^^^^^^^^^^^^^^^^^^^^^^^^^^^^^^
  File "/usr/local/lib/python3.11/site-packages/fastapi/applications.py", line 1135, in __call__
    await super().__call__(scope, receive, send)
  File "/usr/local/lib/python3.11/site-packages/starlette/applications.py", line 107, in __call__
    await self.middleware_stack(scope, receive, send)
  File "/usr/local/lib/python3.11/site-packages/starlette/middleware/errors.py", line 186, in __call__
    raise exc
  File "/usr/local/lib/python3.11/site-packages/starlette/middleware/errors.py", line 164, in __call__
    await self.app(scope, receive, _send)
  File "/usr/local/lib/python3.11/site-packages/starlette/middleware/base.py", line 191, in __call__
    with recv_stream, send_stream, collapse_excgroups():
  File "/usr/local/lib/python3.11/contextlib.py", line 158, in __exit__
    self.gen.throw(typ, value, traceback)
  File "/usr/local/lib/python3.11/site-packages/starlette/_utils.py", line 85, in collapse_excgroups
    raise exc
  File "/usr/local/lib/python3.11/site-packages/starlette/middleware/base.py", line 193, in __call__
    response = await self.dispatch_func(request, call_next)
               ^^^^^^^^^^^^^^^^^^^^^^^^^^^^^^^^^^^^^^^^^^^^
  File "/app/app/main.py", line 17, in log_requests
    response = await call_next(request)
               ^^^^^^^^^^^^^^^^^^^^^^^^
  File "/usr/local/lib/python3.11/site-packages/starlette/middleware/base.py", line 168, in call_next
    raise app_exc from app_exc.__cause__ or app_exc.__context__
  File "/usr/local/lib/python3.11/site-packages/starlette/middleware/base.py", line 144, in coro
    await self.app(scope, receive_or_disconnect, send_no_error)
  File "/usr/local/lib/python3.11/site-packages/starlette/middleware/exceptions.py", line 63, in __call__
    await wrap_app_handling_exceptions(self.app, conn)(scope, receive, send)
  File "/usr/local/lib/python3.11/site-packages/starlette/_exception_handler.py", line 53, in wrapped_app
    raise exc
  File "/usr/local/lib/python3.11/site-packages/starlette/_exception_handler.py", line 42, in wrapped_app
    await app(scope, receive, sender)
  File "/usr/local/lib/python3.11/site-packages/fastapi/middleware/asyncexitstack.py", line 18, in __call__
    await self.app(scope, receive, send)
  File "/usr/local/lib/python3.11/site-packages/starlette/routing.py", line 716, in __call__
    await self.middleware_stack(scope, receive, send)
  File "/usr/local/lib/python3.11/site-packages/starlette/routing.py", line 736, in app
    await route.handle(scope, receive, send)
  File "/usr/local/lib/python3.11/site-packages/starlette/routing.py", line 290, in handle
    await self.app(scope, receive, send)
  File "/usr/local/lib/python3.11/site-packages/fastapi/routing.py", line 115, in app
    await wrap_app_handling_exceptions(app, request)(scope, receive, send)
  File "/usr/local/lib/python3.11/site-packages/starlette/_exception_handler.py", line 53, in wrapped_app
    raise exc
  File "/usr/local/lib/python3.11/site-packages/starlette/_exception_handler.py", line 42, in wrapped_app
    await app(scope, receive, sender)
  File "/usr/local/lib/python3.11/site-packages/fastapi/routing.py", line 101, in app
    response = await f(request)
               ^^^^^^^^^^^^^^^^
  File "/usr/local/lib/python3.11/site-packages/fastapi/routing.py", line 355, in app
    raw_response = await run_endpoint_function(
                   ^^^^^^^^^^^^^^^^^^^^^^^^^^^^
  File "/usr/local/lib/python3.11/site-packages/fastapi/routing.py", line 243, in run_endpoint_function
    return await dependant.call(**values)
           ^^^^^^^^^^^^^^^^^^^^^^^^^^^^^^
  File "/app/app/api/server_routes.py", line 18, in instance_all
    summary = await query_all()
              ^^^^^^^^^^^^^^^^^
  File "/app/app/services/a2s_service.py", line 62, in query_all
    servers = load_servers()
              ^^^^^^^^^^^^^^
  File "/app/app/config.py", line 15, in load_servers
    data = json.loads(p.read_text(encoding="utf-8"))
                      ^^^^^^^^^^^^^^^^^^^^^^^^^^^^^
  File "/usr/local/lib/python3.11/pathlib.py", line 1058, in read_text
    with self.open(mode='r', encoding=encoding, errors=errors) as f:
         ^^^^^^^^^^^^^^^^^^^^^^^^^^^^^^^^^^^^^^^^^^^^^^^^^^^^^
  File "/usr/local/lib/python3.11/pathlib.py", line 1044, in open
    return io.open(self, mode, buffering, encoding, errors, newline)
           ^^^^^^^^^^^^^^^^^^^^^^^^^^^^^^^^^^^^^^^^^^^^^^^^^^^^^^^^^
IsADirectoryError: [Errno 21] Is a directory: '/app/servers.json'
2026-02-08 09:28:39,208 [INFO] app: HTTP GET /instanceAll
2026-02-08 09:28:39,211 [INFO] app: Received /instanceAll
2026-02-08 09:28:39,214 [DEBUG] app.services.a2s_service: Querying A2S 94.101.179.89:27015
2026-02-08 09:28:39,215 [DEBUG] app.services.a2s_service: Querying A2S 94.101.179.89:27025
2026-02-08 09:28:39,216 [DEBUG] app.services.a2s_service: Querying A2S 94.101.179.89:27035
2026-02-08 09:28:39,217 [DEBUG] app.services.a2s_service: Querying A2S 94.101.179.89:27045
2026-02-08 09:28:39,219 [DEBUG] app.services.a2s_service: Querying A2S 94.101.179.89:27055
2026-02-08 09:28:39,703 [INFO] app: Completed GET /instanceAll in 0.495s -> 200
2026-02-08 09:28:39,705 [INFO] uvicorn.access: 172.18.0.1:54072 - "GET /instanceAll HTTP/1.1" 200
